
https://vnexpress.net/tin-tuc/goc-nhin/nguoi-cho-vay-lai-3671091.html
https://vnexpress.net/tin-tuc/the-gioi/tong-thong-zimbabwe-khong-chap-nhan-tu-chuc-3671628.html
https://vnexpress.net/tin-tuc/thoi-su/nhieu-nguoi-bi-bong-khi-binh-dien-trong-cong-ty-phat-no-3671516.html
https://vnexpress.net/tin-tuc/thoi-su/khach-san-5-sao-o-phu-quoc-bi-cat-ngon-vi-xay-sai-phep-3671536.html
https://vnexpress.net/tin-tuc/phap-luat/be-13-tuoi-lien-tiep-6-thang-bi-xam-hai-tinh-duc-3671530.html
https://vnexpress.net/tin-tuc/the-gioi/phan-tich/nhung-thach-thuc-trump-doi-mat-sau-chuyen-cong-du-chau-a-3670584.html
https://vnexpress.net/tin-tuc/cuoi/tieu-pham/lan-dau-vo-lai-xe-3670932.html
https://vnexpress.net/tin-tuc/cuoi/anh/nhung-noi-giau-quy-den-tu-che-dinh-cao-cua-dang-may-rau-3662898.html
https://vnexpress.net/tin-tuc/cuoi/tieu-pham/vo-noi-doa-khi-chong-doi-cho-tan-so-3670897.html
https://vnexpress.net/tin-tuc/cuoi/anh/10-anh-hai-hot-nhat-facebook-trong-ngay-3670739.html
https://vnexpress.net/tin-tuc/cuoi/video/nguoi-dep-ta-hoa-vi-cham-mat-ran-khi-giat-do-3670951.html
https://vnexpress.net/tin-tuc/goc-nhin/nguoi-cho-vay-lai-3671091.html
https://vnexpress.net/tin-tuc/oto-xe-may/tu-van/acura-mdx-2008-gia-700-trieu-nen-mua-3669584.html
https://vnexpress.net/tin-tuc/the-gioi/tong-thong-zimbabwe-khong-chap-nhan-tu-chuc-3671628.html
https://vnexpress.net/tin-tuc/phap-luat/be-13-tuoi-lien-tiep-6-thang-bi-xam-hai-tinh-duc-3671530.html
https://vnexpress.net/tin-tuc/phap-luat/tai-xe-noi-long-tham-khi-ngoi-trong-tui-tien-mot-ty-dong-3671470.html
https://vnexpress.net/tin-tuc/phap-luat/yeu-rau-xanh-51-tuoi-duoc-gia-dinh-nan-nhan-xin-giam-an-3671504.html
https://vnexpress.net/tin-tuc/the-gioi/phan-tich/nhung-thach-thuc-trump-doi-mat-sau-chuyen-cong-du-chau-a-3670584.html
https://vnexpress.net/tin-tuc/cuoi/tieu-pham/lan-dau-vo-lai-xe-3670932.html
https://vnexpress.net/tin-tuc/cuoi/anh/nhung-noi-giau-quy-den-tu-che-dinh-cao-cua-dang-may-rau-3662898.html
https://vnexpress.net/tin-tuc/the-gioi/tong-thong-zimbabwe-khong-chap-nhan-tu-chuc-3671628.html
https://vnexpress.net/tin-tuc/thoi-su/khach-san-5-sao-o-phu-quoc-bi-cat-ngon-vi-xay-sai-phep-3671536.html
https://vnexpress.net/tin-tuc/phap-luat/be-13-tuoi-lien-tiep-6-thang-bi-xam-hai-tinh-duc-3671530.html
https://vnexpress.net/tin-tuc/phap-luat/tai-xe-noi-long-tham-khi-ngoi-trong-tui-tien-mot-ty-dong-3671470.html
https://vnexpress.net/tin-tuc/the-gioi/phan-tich/nhung-thach-thuc-trump-doi-mat-sau-chuyen-cong-du-chau-a-3670584.html
https://vnexpress.net/tin-tuc/cuoi/tieu-pham/lan-dau-vo-lai-xe-3670932.html
https://vnexpress.net/tin-tuc/goc-nhin/nguoi-cho-vay-lai-3671091.html
https://vnexpress.net/photo/thoi-su/ngoi-chua-dat-xa-loi-trai-tim-hoa-thuong-thich-quang-duc-3671435.html
https://vnexpress.net/tin-tuc/cuoi/ba-vo-rinh-rap-danh-ghen-dang-nap-o-dau-3669982.html
https://vnexpress.net/tin-tuc/the-gioi/nguoi-viet-5-chau/nguoi-viet-giup-lot-xac-o-ma-tuy-thanh-khu-am-thuc-noi-tieng-sydney-3669585.html
https://vnexpress.net/tin-tuc/phap-luat/ke-hoach-cuop-ngan-hang-bat-thanh-cua-thanh-nien-mien-tay-3669915.html
https://vnexpress.net/tin-tuc/goc-nhin/nguoi-den-dac-khu-3669937.html
https://vnexpress.net/error2.html
https://vnexpress.net/error2.html
https://vnexpress.net/error2.html
https://vnexpress.net/error2.html
https://vnexpress.net/error2.html
https://vnexpress.net/error2.html
https://vnexpress.net/error2.html
https://vnexpress.net/error2.html
https://vnexpress.net/error2.html
https://vnexpress.net/error2.html
https://vnexpress.net/error2.html
https://vnexpress.net/error2.html
https://vnexpress.net/error2.html
https://vnexpress.net/error2.html
https://vnexpress.net/error2.html
https://vnexpress.net/error2.html
https://vnexpress.net/error2.html
https://vnexpress.net/error2.html
https://vnexpress.net/error2.html
https://vnexpress.net/error2.html
https://vnexpress.net/error2.html
https://vnexpress.net/photo/thoi-su/ngoi-chua-dat-xa-loi-trai-tim-hoa-thuong-thich-quang-duc-3671435.html
https://vnexpress.net/tin-tuc/cuoi/ba-vo-rinh-rap-danh-ghen-dang-nap-o-dau-3669982.html
https://vnexpress.net/tin-tuc/tam-su/chong-toi-qua-luoi-va-ban-3670005.html
https://vnexpress.net/photo/the-gioi/ba-ngay-lam-viec-cua-tong-thong-donald-trump-o-viet-nam-3669285.html
https://vnexpress.net/tin-tuc/phap-luat/noi-am-anh-cua-co-gai-dam-chet-ke-sam-so-o-sai-gon-3669195.html
https://vnexpress.net/tin-tuc/cuoi/ong-chu-cua-hang-da-quy-mat-bao-nhieu-tien-3667388.html
https://vnexpress.net/tin-tuc/cuoi/tieu-pham/co-gai-bat-ngo-truoc-long-tot-cua-hang-xom-3668492.html
https://vnexpress.net/tin-tuc/cuoi/tieu-pham/cu-tuong-chong-di-cong-tac-3668560.html
https://vnexpress.net/tin-tuc/cuoi/anh/10-anh-hai-hot-nhat-facebook-trong-ngay-3668611.html
https://vnexpress.net/tin-tuc/goc-nhin/long-thanh-va-no-cong-3669337.html
https://vnexpress.net/tin-tuc/goc-nhin/ban-thao/viet-nam-dong-cong-chuc-vien-chuc-nhat-dong-nam-a-3669338.html
https://vnexpress.net/tin-tuc/giao-duc/hoc-tieng-anh/thu-thach-chon-tu-tieng-anh-dung-chinh-ta-3669252.html
https://vnexpress.net/tin-tuc/khoa-hoc/hoi-dap/tai-sao-sam-bien-co-mau-xanh-3669354.html
https://vnexpress.net/tin-tuc/the-gioi/dong-dat-7-3-do-o-bien-gioi-iran-iraq-it-nhat-61-nguoi-chet-3669348.html
https://vnexpress.net/error2.html
https://vnexpress.net/tin-tuc/oto-xe-may/tu-van/so-sanh-mazda2-va-toyota-vios-3669131.html
https://vnexpress.net/tin-tuc/oto-xe-may/tu-van/the-nao-goi-la-lan-duong-3669137.html
https://vnexpress.net/photo/oto-xe-may/bon-xe-quai-thu-phuc-vu-tong-thong-my-tai-viet-nam-3669286.html
https://vnexpress.net/tin-tuc/the-gioi/tong-thong-trump-cam-on-chu-tich-nuoc-tran-dai-quang-tren-twitter-3669353.html
https://vnexpress.net/tin-tuc/oto-xe-may/tu-van/1-5-ty-nen-mua-lai-lexus-rx-350-awd-2009-3669143.html
https://vnexpress.net/tin-tuc/the-gioi/my-nhat-tap-tran-hai-quan-chung-giua-cang-thang-voi-trieu-tien-3669360.html
https://vnexpress.net/tin-tuc/cong-dong/video/be-gai-cut-2-chan-leo-bac-them-vao-lop-hoc-o-son-la-3669346.html
https://vnexpress.net/tin-tuc/the-gioi/tong-thong-philippines-duterte-hat-tai-tiec-theo-de-nghi-cua-ong-trump-3669362.html
https://vnexpress.net/tin-tuc/thoi-su/chieu-nay-ha-noi-to-chuc-tang-le-cu-ba-hoang-thi-minh-ho-3669366.html
https://vnexpress.net/tin-tuc/khoa-hoc/ly-giai-moi-ve-nguon-goc-cua-vat-chat-toi-3669412.html
https://vnexpress.net/tin-tuc/oto-xe-may/tu-van/60-trieu-nen-mua-lai-kia-pride-beta-3669369.html
https://vnexpress.net/tin-tuc/thoi-su/ap-thap-nhiet-doi-tiep-tuc-suy-yeu-3669434.html
https://vnexpress.net/tin-tuc/tam-su/giao-vien-cua-toi-la-nguoi-dang-so-3668633.html
https://vnexpress.net/tin-tuc/giao-duc/du-hoc/trie-n-la-m-ho-i-tha-o-ve-co-ho-i-du-ho-c-quo-c-te-3668567.html
https://vnexpress.net/tin-tuc/tam-su/lau-lam-roi-toi-khong-co-cam-giac-mong-ngong-chong-3668630.html
https://vnexpress.net/tin-tuc/thoi-su/tau-phat-no-bon-thuyen-vien-bong-nang-3669365.html
https://vnexpress.net/tin-tuc/khoa-hoc/kien-mang-trai-cay-lon-gap-5-lan-co-the-3669440.html
https://vnexpress.net/tin-tuc/oto-xe-may/honda-cr-v-7-cho-gia-cao-nhat-1-1-ty-tai-viet-nam-3669328.html
https://vnexpress.net/tin-tuc/cuoi/video/chang-trai-bat-khoc-khi-nhan-tin-nhan-cua-nu-than-3664800.html
https://vnexpress.net/tin-tuc/the-gioi/tho-nhi-ky-bi-nghi-doi-15-trieu-usd-lay-giao-si-lien-quan-dao-chinh-3669409.html
https://vnexpress.net/tin-tuc/thoi-su/thay-giao-o-ha-tinh-nhay-song-tu-tu-3669474.html
https://vnexpress.net/tin-tuc/phap-luat/thi-the-ba-lao-truoc-cua-nha-sau-tieng-no-lon-3669470.html
https://vnexpress.net/tin-tuc/khoa-hoc/ky-thuat-moi/phao-cuu-tro-tu-dong-di-chuyen-toi-vi-tri-nguoi-gap-nan-3669477.html
https://vnexpress.net/tin-tuc/giao-duc/tu-van/muon-di-day-co-nen-hoc-thac-si-toan-va-van-bang-hai-su-pham-3669511.html
https://vnexpress.net/tin-tuc/the-gioi/cuoc-song-do-day/thu-tuong-canada-gay-bao-khi-di-mua-ga-ran-o-manila-3669384.html
https://vnexpress.net/tin-tuc/oto-xe-may/tu-van/civic-2007-gia-320-trieu-dat-hay-re-3669367.html
https://vnexpress.net/tin-tuc/the-gioi/cuoc-song-do-day/nguoi-nhat-xep-hang-de-mua-banh-hamburger-ong-abe-moi-trump-3669425.html
https://vnexpress.net/tin-tuc/thoi-su/be-gai-14-tuoi-tu-vong-khi-sac-pin-dien-thoai-3669510.html
https://vnexpress.net/tin-tuc/cong-dong/y-kien-cua-toi/lay-12-000-ty-dong-doi-9-000-tien-si-la-doi-moi-giao-duc-3669494.html
https://vnexpress.net/tin-tuc/khoa-hoc/nhung-con-gio-quat-nga-chuyen-gia-khi-tuong-o-do-cao-1-900-met-3669404.html
https://vnexpress.net/tin-tuc/oto-xe-may/tu-van/780-trieu-nen-mua-lai-toyota-camry-2012-3669496.html
https://vnexpress.net/tin-tuc/tam-su/sau-16-nam-toi-da-khien-ban-gai-phu-tinh-va-bo-co-ay-tra-gia-3669507.html
https://vnexpress.net/photo/cuoc-song-do-day/yen-tiec-philippines-thet-dai-cac-nguyen-thu-du-hoi-nghi-asean-3669469.html
https://vnexpress.net/tin-tuc/the-gioi/tong-bi-thu-chu-tich-nuoc-chieu-dai-chu-tich-trung-quoc-3669526.html
https://vnexpress.net/photo/giao-duc/10-nguoi-thanh-cong-tren-the-gioi-chua-tung-tot-nghiep-dai-hoc-3669502.html
https://vnexpress.net/tin-tuc/tam-su/vo-hay-than-van-sao-toi-cu-di-lam-suot-3669561.html
https://vnexpress.net/tin-tuc/thoi-su/tp-hcm-khong-muon-keo-dai-thoi-gian-thu-phi-cao-toc-trung-luong-3669557.html
https://vnexpress.net/tin-tuc/khoa-hoc/ca-voi-me-khoc-thuong-con-chet-vi-sua-nhiem-doc-3669388.html
https://vnexpress.net/tin-tuc/oto-xe-may/tu-van/so-sanh-ecosport-titanium-va-i20-active-3669370.html
https://vnexpress.net/photo/the-gioi/ngoai-truong-my-tham-di-tich-nha-tu-hoa-lo-chua-tran-quoc-3669464.html
https://vnexpress.net/photo/thoi-su/nong-dan-thai-binh-sung-tuc-nho-cay-phat-loc-3666522.html
https://vnexpress.net/tin-tuc/khoa-hoc/gia-dinh-ca-he-hop-suc-mang-vo-dua-ve-lam-to-3669546.html
https://vnexpress.net/tin-tuc/tam-su/ban-gai-than-cua-nguoi-yeu-toi-la-ke-rac-roi-3669598.html
https://vnexpress.net/tin-tuc/oto-xe-may/tu-van/dinh-gia-chevrolet-cruze-2011-3669368.html
https://vnexpress.net/tin-tuc/giao-duc/du-hoc/kinh-nghiem-du-hoc-he-cung-con-cua-ba-me-ha-noi-3668362.html
https://vnexpress.net/photo/thoi-su/ngoi-chua-dat-xa-loi-trai-tim-hoa-thuong-thich-quang-duc-3671435.html
https://vnexpress.net/tin-tuc/cuoi/ba-vo-rinh-rap-danh-ghen-dang-nap-o-dau-3669982.html
https://vnexpress.net/tin-tuc/the-gioi/nguoi-viet-5-chau/nguoi-viet-giup-lot-xac-o-ma-tuy-thanh-khu-am-thuc-noi-tieng-sydney-3669585.html
https://vnexpress.net/photo/the-gioi/ba-ngay-lam-viec-cua-tong-thong-donald-trump-o-viet-nam-3669285.html
https://vnexpress.net/tin-tuc/giao-duc/hoc-tieng-anh/vua-hoc-vua-choi-voi-duoi-hinh-bat-chu-bang-tieng-anh-3668670.html
https://vnexpress.net/tin-tuc/cuoi/video/video-nguoi-dep-bien-hinh-khi-coi-do-hai-nhat-tuan-qua-3665282.html
https://vnexpress.net/tin-tuc/giao-duc/bai-toan-xac-suat-thu-thach-cuoi-tuan-3668959.html
https://vnexpress.net/tin-tuc/cuoi/anh/poster-quang-cao-my-ly-khong-the-nhin-cuoi-cua-nhat-ban-3660258.html
https://vnexpress.net/tin-tuc/thoi-su/quoc-yen-apec-duoc-phuc-vu-nhu-the-nao-3669001.html
https://vnexpress.net/tin-tuc/cuoi/anh/10-anh-hai-hot-nhat-facebook-trong-ngay-3668612.html
https://vnexpress.net/tin-tuc/oto-xe-may/canh-sat-luyen-ky-nang-tien-lui-duong-zig-zag-3668990.html
https://vnexpress.net/tin-tuc/khoa-hoc/hoi-dap/tai-sao-ca-sop-khong-bo-vao-nuoc-van-song-3669149.html
https://vnexpress.net/tin-tuc/cong-dong/y-kien-cua-toi/nguoi-dan-ba-my-moi-quen-da-gui-tang-toi-450-000-dola-3668322.html
https://vnexpress.net/tin-tuc/thoi-su/giao-thong/tuyen-metro-so-2-cua-tp-hcm-doi-von-800-trieu-usd-3669075.html
https://vnexpress.net/photo/thoi-su/ngoi-chua-dat-xa-loi-trai-tim-hoa-thuong-thich-quang-duc-3671435.html
https://vnexpress.net/tin-tuc/cuoi/ba-vo-rinh-rap-danh-ghen-dang-nap-o-dau-3669982.html
https://vnexpress.net/tin-tuc/the-gioi/nguoi-viet-5-chau/nguoi-viet-giup-lot-xac-o-ma-tuy-thanh-khu-am-thuc-noi-tieng-sydney-3669585.html
https://vnexpress.net/photo/the-gioi/ba-ngay-lam-viec-cua-tong-thong-donald-trump-o-viet-nam-3669285.html
https://vnexpress.net/tin-tuc/giao-duc/hoc-tieng-anh/vua-hoc-vua-choi-voi-duoi-hinh-bat-chu-bang-tieng-anh-3668670.html
https://vnexpress.net/tin-tuc/giao-duc/bai-toan-xac-suat-thu-thach-cuoi-tuan-3668959.html
https://vnexpress.net/tin-tuc/cuoi/video/video-nguoi-dep-bien-hinh-khi-coi-do-hai-nhat-tuan-qua-3665282.html
https://vnexpress.net/tin-tuc/cuoi/anh/poster-quang-cao-my-ly-khong-the-nhin-cuoi-cua-nhat-ban-3660258.html
https://vnexpress.net/tin-tuc/cuoi/anh/10-anh-hai-hot-nhat-facebook-trong-ngay-3668612.html
https://vnexpress.net/tin-tuc/thoi-su/quoc-yen-apec-duoc-phuc-vu-nhu-the-nao-3669001.html
https://vnexpress.net/tin-tuc/oto-xe-may/canh-sat-luyen-ky-nang-tien-lui-duong-zig-zag-3668990.html
https://vnexpress.net/tin-tuc/cong-dong/y-kien-cua-toi/nguoi-dan-ba-my-moi-quen-da-gui-tang-toi-450-000-dola-3668322.html
https://vnexpress.net/tin-tuc/khoa-hoc/hoi-dap/tai-sao-ca-sop-khong-bo-vao-nuoc-van-song-3669149.html
https://vnexpress.net/tin-tuc/thoi-su/giao-thong/tuyen-metro-so-2-cua-tp-hcm-doi-von-800-trieu-usd-3669075.html
https://vnexpress.net/tin-tuc/oto-xe-may/xe-suv-moi-cua-gm-gia-chua-toi-9-000-usd-o-trung-quoc-3668823.html
https://vnexpress.net/tin-tuc/phap-luat/19-cach-trung-phat-toi-pham-tu-ngay-1-1-2018-3668947.html
https://vnexpress.net/tin-tuc/the-gioi/putin-nga-trung-quoc-co-chung-lap-truong-ve-van-de-trieu-tien-3669102.html
https://vnexpress.net/tin-tuc/the-gioi/tu-lieu/chi-phi-cong-du-nuoc-ngoai-cua-tong-thong-my-3665307.html
https://vnexpress.net/tin-tuc/the-gioi/trump-thong-bao-lich-ngay-lam-viec-cuoi-tai-viet-nam-tren-twitter-3669115.html
https://vnexpress.net/tin-tuc/the-gioi/trump-rat-co-gang-de-lam-ban-voi-kim-jong-un-3669127.html
https://vnexpress.net/tin-tuc/tam-su/moi-tinh-qua-khu-voi-co-gai-tinh-le-cua-chong-khien-toi-dau-dau-3668644.html
https://vnexpress.net/tin-tuc/tam-su/toi-khong-muon-cung-mang-con-rieng-cua-co-ay-tra-nha-chong-cu-3668642.html
https://vnexpress.net/tin-tuc/tam-su/lam-moi-cach-ma-toi-chang-the-quen-duoc-tinh-cu-3668635.html
https://vnexpress.net/tin-tuc/thoi-su/bao-doi-huong-co-the-suy-yeu-khi-gan-dat-lien-3669145.html
https://vnexpress.net/tin-tuc/the-gioi/trump-noi-da-co-cuoc-thao-luan-tot-voi-putin-o-apec-3669133.html
https://vnexpress.net/tin-tuc/the-gioi/chu-tich-trung-quoc-hom-nay-tham-cap-nha-nuoc-viet-nam-3669147.html
https://vnexpress.net/tin-tuc/khoa-hoc/ca-map-quai-vat-san-moi-nhu-ran-sa-luoi-3668673.html
https://vnexpress.net/tin-tuc/giao-duc/hoc-tieng-anh/thu-thach-chon-tu-thay-the-cho-cum-dong-tu-3668964.html
https://vnexpress.net/tin-tuc/the-gioi/phong-vien-quoc-te-tai-apec-tpp-kich-tinh-nhu-phim-dai-tap-3669095.html
https://vnexpress.net/photo/thoi-su/ngoi-chua-dat-xa-loi-trai-tim-hoa-thuong-thich-quang-duc-3671435.html
https://vnexpress.net/tin-tuc/cuoi/ba-vo-rinh-rap-danh-ghen-dang-nap-o-dau-3669982.html
https://vnexpress.net/tin-tuc/the-gioi/nguoi-viet-5-chau/nguoi-viet-giup-lot-xac-o-ma-tuy-thanh-khu-am-thuc-noi-tieng-sydney-3669585.html
https://vnexpress.net/photo/thoi-su/hai-ngay-o-ha-noi-cua-ong-tap-can-binh-3669625.html
https://vnexpress.net/tin-tuc/phap-luat/ke-hoach-cuop-ngan-hang-bat-thanh-cua-thanh-nien-mien-tay-3669915.html
https://vnexpress.net/tin-tuc/giao-duc/hoc-tieng-anh/vua-hoc-vua-choi-voi-duoi-hinh-bat-chu-bang-tieng-anh-3668670.html
https://vnexpress.net/tin-tuc/giao-duc/bai-toan-xac-suat-thu-thach-cuoi-tuan-3668959.html
https://vnexpress.net/tin-tuc/cuoi/video/video-nguoi-dep-bien-hinh-khi-coi-do-hai-nhat-tuan-qua-3665282.html
https://vnexpress.net/tin-tuc/thoi-su/quoc-yen-apec-duoc-phuc-vu-nhu-the-nao-3669001.html
https://vnexpress.net/tin-tuc/goc-nhin/long-thanh-va-no-cong-3669337.html
https://vnexpress.net/tin-tuc/goc-nhin/ban-thao/viet-nam-dong-cong-chuc-vien-chuc-nhat-dong-nam-a-3669338.html
https://vnexpress.net/tin-tuc/goc-nhin/long-thanh-va-no-cong-3669337.html
https://vnexpress.net/tin-tuc/goc-nhin/ban-thao/viet-nam-dong-cong-chuc-vien-chuc-nhat-dong-nam-a-3669338.html
https://vnexpress.net/tin-tuc/goc-nhin/nguoi-den-dac-khu-3669937.html
https://vnexpress.net/tin-tuc/goc-nhin/di-dan-va-thinh-vuong-3670558.html
https://vnexpress.net/tin-tuc/goc-nhin/tien-de-lam-gi-3671649.html
https://vnexpress.net/tin-tuc/goc-nhin/an-ninh-kinh-te-3668913.html
https://vnexpress.net/error3.html
https://vnexpress.net/error3.html
https://vnexpress.net/error3.html
https://vnexpress.net/error3.html
https://vnexpress.net/error3.html
https://vnexpress.net/error3.html
https://vnexpress.net/interactive/2017/cac-guong-mat-21-nen-kinh-te-3665409
https://vnexpress.net/tin-tuc/goc-nhin/bai-hoc-cua-jack-ma-3665992.html
https://vnexpress.net/tin-tuc/goc-nhin/hoc-trong-bao-lu-3666554.html
https://vnexpress.net/tin-tuc/goc-nhin/cong-dan-hang-hai-3667092.html
https://vnexpress.net/tin-tuc/goc-nhin/ba-phut-su-that-3667622.html
https://vnexpress.net/tin-tuc/goc-nhin/quy-hoach-nhu-linh-dam-3668152.html
https://vnexpress.net/tin-tuc/goc-nhin/nhung-cuoc-gap-da-nang-3668618.html
https://vnexpress.net/tin-tuc/goc-nhin/ga-con-xa-3665604.html
https://vnexpress.net/tin-tuc/goc-nhin/gia-hoa-thanh-cong-3663855.html
https://vnexpress.net/tin-tuc/goc-nhin/ca-the-gioi-an-tom-3664341.html
https://vnexpress.net/tin-tuc/goc-nhin/trung-thuc-va-thao-viec-3664910.html
https://vnexpress.net/tin-tuc/goc-nhin/am-tham-nhu-bao-3642293.html
https://vnexpress.net/tin-tuc/goc-nhin/long-xa-que-noi-bao-3641616.html
https://vnexpress.net/tin-tuc/goc-nhin/thu-nhap-dang-hoang-3641124.html
https://vnexpress.net/tin-tuc/goc-nhin/via-he-treo-3640561.html
https://vnexpress.net/tin-tuc/goc-nhin/bao-tang-cho-ai-3640139.html
https://vnexpress.net/interactive/2017/guong-mat-than-chet
https://vnexpress.net/tin-tuc/goc-nhin/lam-phat-hop-3639450.html
https://vnexpress.net/tin-tuc/goc-nhin/song-phang-voi-dan-3638878.html
https://vnexpress.net/projects/ba-ngay-thu-thach-trong-trai-huan-luyen-dac-nhiem-nga-3638149/index.html
https://vnexpress.net/tin-tuc/goc-nhin/nhat-quan-he-3638360.html
https://vnexpress.net/tin-tuc/goc-nhin/hay-biet-noi-khong-3637901.html
https://vnexpress.net/tin-tuc/goc-nhin/khong-ngay-khai-giang-3637369.html
https://vnexpress.net/tin-tuc/goc-nhin/truong-cong-hay-tu-3634767.html
https://vnexpress.net/tin-tuc/goc-nhin/di-tim-nha-giao-3636869.html
https://vnexpress.net/tin-tuc/goc-nhin/an-tet-doc-lap-3636180.html
https://vnexpress.net/error3.html
https://vnexpress.net/tin-tuc/goc-nhin/ky-uc-ga-hang-co-3646592.html
https://vnexpress.net/tin-tuc/goc-nhin/khieu-nai-thu-cong-3649343.html
https://vnexpress.net/tin-tuc/goc-nhin/tai-san-0-dong-3649938.html
https://vnexpress.net/tin-tuc/goc-nhin/noi-buon-vung-than-3649003.html
https://vnexpress.net/tin-tuc/goc-nhin/dai-hoc-ty-do-3648256.html
https://vnexpress.net/tin-tuc/goc-nhin/viet-nam-vo-dich-3647709.html
https://vnexpress.net/tin-tuc/goc-nhin/phu-huynh-va-lam-thu-3647149.html
https://vnexpress.net/tin-tuc/goc-nhin/cuoc-choi-bi-mat-3646038.html
https://vnexpress.net/tin-tuc/goc-nhin/ngon-ngang-giay-phep-con-3645667.html
https://vnexpress.net/tin-tuc/goc-nhin/am-anh-hinh-thuc-3645006.html
https://vnexpress.net/tin-tuc/goc-nhin/nguoi-viet-ten-tay-3644127.html
https://vnexpress.net/projects/15-ngay-tham-nhap-trieu-tien-cua-phong-vien-my-3642809/index.html
https://vnexpress.net/tin-tuc/goc-nhin/banh-khong-phai-de-an-3643908.html
https://vnexpress.net/tin-tuc/goc-nhin/quan-com-nu-cuoi-3643340.html
https://vnexpress.net/tin-tuc/goc-nhin/tu-duy-danh-thue-3642775.html
https://vnexpress.net/tin-tuc/goc-nhin/nuoi-ga-xay-san-bay-3652638.html
https://vnexpress.net/tin-tuc/goc-nhin/sinh-con-gai-3653828.html
https://vnexpress.net/tin-tuc/goc-nhin/thai-do-voi-quay-roi-3658322.html
https://vnexpress.net/projects/noi-yen-nghi-cua-10-co-gai-mo-duong-o-nga-ba-dong-loc-3653165/index.html
https://vnexpress.net/tin-tuc/goc-nhin/danh-ke-trom-cho-3657816.html
https://vnexpress.net/tin-tuc/goc-nhin/tu-duy-tang-qua-3657257.html
https://vnexpress.net/tin-tuc/goc-nhin/cai-mat-cua-metro-3656728.html
https://vnexpress.net/tin-tuc/goc-nhin/dong-sang-di-mong-3656128.html
https://vnexpress.net/tin-tuc/goc-nhin/mi-goi-va-nha-ngoi-3655717.html
https://vnexpress.net/tin-tuc/goc-nhin/diem-yeu-cua-doanh-nghiep-viet-3655039.html
https://vnexpress.net/error2.html
https://vnexpress.net/tin-tuc/goc-nhin/dung-len-hay-than-khoc-3654443.html
https://vnexpress.net/tin-tuc/goc-nhin/thay-van-nhu-cuong-3653290.html
https://vnexpress.net/tin-tuc/goc-nhin/phat-sau-lung-3652319.html
https://vnexpress.net/tin-tuc/goc-nhin/thieu-mot-loi-xin-loi-3651539.html
https://vnexpress.net/tin-tuc/goc-nhin/dai-hoc-phai-nghien-cuu-3651025.html
https://vnexpress.net/tin-tuc/goc-nhin/thanh-pho-thong-minh-3650505.html
https://vnexpress.net/tin-tuc/goc-nhin/lua-va-khaisilk-3662662.html
https://vnexpress.net/tin-tuc/goc-nhin/khi-trung-quoc-van-minh-3663224.html
https://vnexpress.net/projects/truong-tien-cay-cau-the-ky-cua-xu-hue-3654463/index.html
https://vnexpress.net/tin-tuc/goc-nhin/18-trieu-tuong-lai-3662108.html
https://vnexpress.net/tin-tuc/goc-nhin/tra-phi-oan-sai-3661847.html
https://vnexpress.net/tin-tuc/goc-nhin/ke-ma-khong-khai-3661087.html
https://vnexpress.net/tin-tuc/goc-nhin/dao-van-trong-giao-duc-3660532.html
https://vnexpress.net/tin-tuc/goc-nhin/tinh-gian-lai-phinh-to-3659955.html
https://vnexpress.net/tin-tuc/goc-nhin/trach-nhiem-voi-tuong-lai-3659384.html
https://vnexpress.net/tin-tuc/goc-nhin/thu-tuong-thai-va-gian-hang-viet-3658848.html
https://vnexpress.net/error3.html
https://vnexpress.net/tin-tuc/goc-nhin/tien-de-lam-gi-3671649.html
http://dantri.com.vn/xa-hoi/khoi-lua-bao-trum-can-nha-chua-hang-chuc-binh-gas-20171117204139233.htm
http://dantri.com.vn/xa-hoi/khoi-lua-bao-trum-can-nha-chua-hang-chuc-binh-gas-20171117204139233.htm
http://dantri.com.vn/xa-hoi/khoi-lua-bao-trum-can-nha-chua-hang-chuc-binh-gas-20171117204139233.htm
http://dantri.com.vn/xa-hoi/khoi-lua-bao-trum-can-nha-chua-hang-chuc-binh-gas-20171117204139233.htm
http://dantri.com.vn/xa-hoi/khoi-lua-bao-trum-can-nha-chua-hang-chuc-binh-gas-20171117204139233.htm
http://dantri.com.vn/xa-hoi/khoi-lua-bao-trum-can-nha-chua-hang-chuc-binh-gas-20171117204139233.htm
http://dantri.com.vn/xa-hoi/khoi-lua-bao-trum-can-nha-chua-hang-chuc-binh-gas-20171117204139233.htm
http://dantri.com.vn/xa-hoi/khoi-lua-bao-trum-can-nha-chua-hang-chuc-binh-gas-20171117204139233.htm
http://dantri.com.vn/xa-hoi/khoi-lua-bao-trum-can-nha-chua-hang-chuc-binh-gas-20171117204139233.htm
http://dantri.com.vn/xa-hoi/khoi-lua-bao-trum-can-nha-chua-hang-chuc-binh-gas-20171117204139233.htm
http://dantri.com.vn/xa-hoi/khoi-lua-bao-trum-can-nha-chua-hang-chuc-binh-gas-20171117204139233.htm
http://dantri.com.vn/xa-hoi/khoi-lua-bao-trum-can-nha-chua-hang-chuc-binh-gas-20171117204139233.htm